2023-04-10 09:41:02 - Request : {"document":{"name":"C:\\xampp\\tmp\\php3401.tmp","mime":"application\/pdf","postname":"Dokumen1.7.pdf"},"signature":"[{\"email\": \"123@gsp.co.id\",\"detail\": [{\"p\": 1,\"x\": 119,\"y\": 63,\"w\": 63,\"h\": 31}]}]"}
2023-04-10 09:41:02 - Response : {"status":"ERROR","ref_id":"98e507cf-e62d-4c73-a90a-6c6a543a81c2","code":"USER_UNREGISTER","timestamp":"2023-04-10T09:40:59+07:00","message":["123@gsp.co.id belum terdaftar."],"data":null}
2023-04-10 09:42:35 - Request : {"document":{"name":"C:\\xampp\\tmp\\phpA1FA.tmp","mime":"application\/pdf","postname":"Dokumen1.7.pdf"},"signature":"[{\"email\": \"123@gsp.co.id\",\"detail\": [{\"p\": 1,\"x\": 119,\"y\": 63,\"w\": 63,\"h\": 31}]}]"}
2023-04-10 09:42:36 - Response : {"status":"ERROR","ref_id":"98e5085e-e14c-4a08-add5-db03c48838e9","code":"USER_UNREGISTER","timestamp":"2023-04-10T09:42:33+07:00","message":["123@gsp.co.id belum terdaftar."],"data":null}
2023-04-10 09:43:39 - Request : {"document":{"name":"C:\\xampp\\tmp\\php994B.tmp","mime":"application\/pdf","postname":"Dokumen1.7.pdf"},"signature":"[{\"email\": \"123@gsp.co.id\",\"detail\": [{\"p\": 1,\"x\": 119,\"y\": 63,\"w\": 63,\"h\": 31}]}]"}
2023-04-10 09:43:39 - Response : {"status":"ERROR","ref_id":"98e508bf-7e8b-4225-a882-e00b22a7d054","code":"USER_UNREGISTER","timestamp":"2023-04-10T09:43:37+07:00","message":["123@gsp.co.id belum terdaftar."],"data":null}
2023-04-10 09:43:47 - Request : {"document":{"name":"C:\\xampp\\tmp\\phpB9A6.tmp","mime":"application\/pdf","postname":"Dokumen1.7.pdf"},"signature":"[{\"email\": \"123@gsp.co.id\",\"detail\": [{\"p\": 1,\"x\": 119,\"y\": 63,\"w\": 63,\"h\": 31}]}]"}
2023-04-10 09:43:47 - Response : {"status":"ERROR","ref_id":"98e508cc-0559-46de-ad64-b05ddbb93d23","code":"USER_UNREGISTER","timestamp":"2023-04-10T09:43:45+07:00","message":["123@gsp.co.id belum terdaftar."],"data":null}
2023-04-10 09:48:21 - Request : {"document":{"name":"C:\\xampp\\tmp\\phpE77A.tmp","mime":"application\/pdf","postname":"Dokumen1.7.pdf"},"signature":"[{\"email\": \"123@gsp.co.id\",\"detail\": [{\"p\": 1,\"x\": 119,\"y\": 63,\"w\": 63,\"h\": 31}]}]"}
2023-04-10 09:48:21 - Response : {"status":"ERROR","ref_id":"98e50a6e-0280-4d52-9d41-111d05478c84","code":"USER_UNREGISTER","timestamp":"2023-04-10T09:48:19+07:00","message":["123@gsp.co.id belum terdaftar."],"data":null}
2023-04-10 09:49:58 - Request : {"document":{"name":"C:\\xampp\\tmp\\php6272.tmp","mime":"application\/pdf","postname":"Dokumen1.7.pdf"},"signature":"[{\"email\": \"123@gsp.co.id\",\"detail\": [{\"p\": 1,\"x\": 119,\"y\": 63,\"w\": 63,\"h\": 31}]}]"}
2023-04-10 09:49:58 - Response : {"status":"ERROR","ref_id":"98e50b02-10a9-4308-a073-8a4c30f761af","code":"USER_UNREGISTER","timestamp":"2023-04-10T09:49:56+07:00","message":["123@gsp.co.id belum terdaftar."],"data":null}
2023-04-10 09:51:31 - Request : {"document":{"name":"C:\\xampp\\tmp\\phpCCD1.tmp","mime":"application\/pdf","postname":"Dokumen1.7.pdf"},"signature":"[{\"email\": \"123@gsp.co.id\",\"detail\": [{\"p\": 1,\"x\": 119,\"y\": 63,\"w\": 63,\"h\": 31}]}]"}
2023-04-10 09:51:31 - Response : {"status":"ERROR","ref_id":"98e50b8f-9fc4-44c9-8e31-f80f84f4c3b2","code":"USER_UNREGISTER","timestamp":"2023-04-10T09:51:28+07:00","message":["123@gsp.co.id belum terdaftar."],"data":null}
2023-04-10 09:53:03 - Request : {"document":{"name":"C:\\xampp\\tmp\\php34DE.tmp","mime":"application\/pdf","postname":"Dokumen1.7.pdf"},"signature":"[{\"email\": \"123@gsp.co.id\",\"detail\": [{\"p\": 1,\"x\": 119,\"y\": 63,\"w\": 63,\"h\": 31}]}]"}
2023-04-10 09:53:03 - Response : {"status":"ERROR","ref_id":"98e50c1c-6520-4c3e-8606-cbd88f9331ee","code":"USER_UNREGISTER","timestamp":"2023-04-10T09:53:01+07:00","message":["123@gsp.co.id belum terdaftar."],"data":null}
2023-04-10 09:53:33 - Request : {"document":{"name":"C:\\xampp\\tmp\\phpAC51.tmp","mime":"application\/pdf","postname":"Dokumen1.7.pdf"},"signature":"[{\"email\": \"123@gsp.co.id\",\"detail\": [{\"p\": 1,\"x\": 119,\"y\": 63,\"w\": 63,\"h\": 31}]}]"}
2023-04-10 09:53:34 - Response : {"status":"ERROR","ref_id":"98e50c4a-e967-4cd4-8914-a8ca12f6fa4a","code":"USER_UNREGISTER","timestamp":"2023-04-10T09:53:31+07:00","message":["123@gsp.co.id belum terdaftar."],"data":null}
2023-04-10 09:53:54 - Request : {"document":{"name":"C:\\xampp\\tmp\\phpFBAA.tmp","mime":"application\/pdf","postname":"Dokumen1.7.pdf"},"signature":"[{\"email\": \"123@gsp.co.id\",\"detail\": [{\"p\": 1,\"x\": 119,\"y\": 63,\"w\": 63,\"h\": 31}]}]"}
2023-04-10 09:53:54 - Response : {"status":"ERROR","ref_id":"98e50c69-dbcf-4319-85bd-5fed0ccaf95a","code":"USER_UNREGISTER","timestamp":"2023-04-10T09:53:51+07:00","message":["123@gsp.co.id belum terdaftar."],"data":null}
2023-04-10 09:56:15 - Request : {"document":{"name":"C:\\xampp\\tmp\\php22B2.tmp","mime":"application\/pdf","postname":"Dokumen1.7.pdf"},"signature":"[{\"email\": \"123@gsp.co.id\",\"detail\": [{\"p\": 1,\"x\": 119,\"y\": 63,\"w\": 63,\"h\": 31}]}]"}
2023-04-10 09:56:15 - Response : {"status":"ERROR","ref_id":"98e50d41-1399-4aef-83f4-6a0e6f086025","code":"USER_UNREGISTER","timestamp":"2023-04-10T09:56:13+07:00","message":["123@gsp.co.id belum terdaftar."],"data":null}
2023-04-10 09:57:05 - Request : {"document":{"name":"C:\\xampp\\tmp\\phpE6FD.tmp","mime":"application\/pdf","postname":"Dokumen1.7.pdf"},"signature":"[{\"email\": \"123@gsp.co.id\",\"detail\": [{\"p\": 1,\"x\": 119,\"y\": 63,\"w\": 63,\"h\": 31}]}]"}
2023-04-10 09:57:05 - Response : {"status":"ERROR","ref_id":"98e50d8d-dc07-447f-b0ed-500db72d4cd7","code":"USER_UNREGISTER","timestamp":"2023-04-10T09:57:03+07:00","message":["123@gsp.co.id belum terdaftar."],"data":null}
2023-04-10 09:57:55 - Request : {"document":{"name":"C:\\xampp\\tmp\\phpA8C7.tmp","mime":"application\/pdf","postname":"Dokumen1.7.pdf"},"signature":"[{\"email\": \"123@gsp.co.id\",\"detail\": [{\"p\": 1,\"x\": 119,\"y\": 63,\"w\": 63,\"h\": 31}]}]"}
2023-04-10 09:57:55 - Response : {"status":"ERROR","ref_id":"98e50dd9-720d-4055-920d-d9260287a8f2","code":"USER_UNREGISTER","timestamp":"2023-04-10T09:57:52+07:00","message":["123@gsp.co.id belum terdaftar."],"data":null}
2023-04-10 09:58:29 - Request : {"document":{"name":"C:\\xampp\\tmp\\php2EE0.tmp","mime":"application\/pdf","postname":"Dokumen1.7.pdf"},"signature":"[{\"email\": \"123@gsp.co.id\",\"detail\": [{\"p\": 1,\"x\": 119,\"y\": 63,\"w\": 63,\"h\": 31}]}]"}
2023-04-10 09:58:29 - Response : {"status":"ERROR","ref_id":"98e50e0d-eb58-43da-9149-8d5661460748","code":"USER_UNREGISTER","timestamp":"2023-04-10T09:58:27+07:00","message":["123@gsp.co.id belum terdaftar."],"data":null}
2023-04-10 10:04:08 - Request : {"document":{"name":"C:\\xampp\\tmp\\php5A5F.tmp","mime":"application\/pdf","postname":"Dokumen1.7.pdf"},"signature":"[{\"email\": \"heru@gsp.co.id\",\"detail\": [{\"p\": 1,\"x\": 35,\"y\": 100,\"w\": 34,\"h\": 16}]}]"}
2023-04-10 10:04:08 - Response : {"status":"OK","ref_id":"98e51012-e3eb-4d6c-942d-bda204a299a2","code":null,"timestamp":"2023-04-10T10:04:06+07:00","message":null,"data":{"id":"98e51013-24a8-45ff-bf69-a224da94fd80","stamp":[],"sign":[{"teken_id":"HH283D00","email":"heru@gsp.co.id","url":"https:\/\/ttd.sandbox-111094.com\/vjoIOmpypv5KDDuk"}]}}
2023-04-10 11:00:45 - Request : {"document":{"name":"C:\\xampp\\tmp\\php3140.tmp","mime":"application\/pdf","postname":"Dokumen1.7.pdf"},"signature":"[{\"email\": \"123@gsp.co.id\",\"detail\": [{\"p\": 1,\"x\": 35,\"y\": 100,\"w\": 34,\"h\": 16}]}]"}
2023-04-10 11:00:46 - Response : {"status":"ERROR","ref_id":"98e52453-1cf4-448e-bd3e-cf5d766ba988","code":"INVALID_PARAMETER","timestamp":"2023-04-10T11:00:43+07:00","message":{"document":["The document field is required."]},"data":null}
2023-04-10 11:03:40 - Request : {"document":{"name":"C:\\xampp\\tmp\\phpDA69.tmp","mime":"application\/pdf","postname":"Dokumen1.7.pdf"},"signature":"[{\"email\": \"123@gsp.co.id\",\"detail\": [{\"p\": 1,\"x\": 35,\"y\": 100,\"w\": 34,\"h\": 16}]}]"}
2023-04-10 11:03:40 - Response : {"status":"ERROR","ref_id":"98e5255c-fa76-4021-9348-3047ff82951e","code":"USER_UNREGISTER","timestamp":"2023-04-10T11:03:37+07:00","message":["123@gsp.co.id belum terdaftar."],"data":null}
2023-04-10 11:12:43 - Request : {"document":{"name":"C:\\xampp\\tmp\\php241E.tmp","mime":"application\/pdf","postname":"Dokumen1.7.pdf"},"signature":"[{\"email\": \"123@gsp.co.id\",\"detail\": [{\"p\": 1,\"x\": 35,\"y\": 100,\"w\": 34,\"h\": 16}]}]"}
2023-04-10 11:12:43 - Response : {"status":"ERROR","ref_id":"98e52899-cbae-4eca-880f-59180171e6a8","code":"USER_UNREGISTER","timestamp":"2023-04-10T11:12:41+07:00","message":["123@gsp.co.id belum terdaftar."],"data":null}
2023-04-10 14:09:46 - Request : {"document":{"name":"C:\\xampp\\tmp\\php3F4B.tmp","mime":"application\/pdf","postname":"Dokumen1.7.pdf"},"signature":"[{\"email\": \"123@gsp.co.id\",\"detail\": [{\"p\": 1,\"x\": 35,\"y\": 100,\"w\": 34,\"h\": 16}]}]"}
2023-04-10 14:09:47 - Response : {"status":"ERROR","ref_id":"98e567ec-897a-40f9-9ba3-6a7421b55b99","code":"USER_UNREGISTER","timestamp":"2023-04-10T14:09:44+07:00","message":["123@gsp.co.id belum terdaftar."],"data":null}
2023-04-10 14:15:47 - Request : {"document":{"name":"C:\\xampp\\tmp\\phpC0BC.tmp","mime":"application\/pdf","postname":"Dokumen1.7.pdf"},"signature":"[{\"email\": \"123@gsp.co.id\",\"detail\": [{\"p\": 1,\"x\": 35,\"y\": 100,\"w\": 34,\"h\": 16}]}]"}
2023-04-10 14:15:47 - Response : {"status":"ERROR","ref_id":"98e56a13-0539-48e3-884e-a8e8655241a3","code":"USER_UNREGISTER","timestamp":"2023-04-10T14:15:45+07:00","message":["123@gsp.co.id belum terdaftar."],"data":null}
2023-04-10 14:19:34 - Request : {"document":{"name":"C:\\xampp\\tmp\\php3749.tmp","mime":"application\/pdf","postname":"Dokumen1.7.pdf"},"signature":"[{\"email\": \"123@gsp.co.id\",\"detail\": [{\"p\": 1,\"x\": 35,\"y\": 100,\"w\": 34,\"h\": 16}]}]"}
2023-04-10 14:19:34 - Response : {"status":"ERROR","ref_id":"98e56b6d-4237-4459-be53-043eec79ac72","code":"USER_UNREGISTER","timestamp":"2023-04-10T14:19:32+07:00","message":["123@gsp.co.id belum terdaftar."],"data":null}
2023-04-10 14:23:13 - Request : {"document":{"name":"C:\\xampp\\tmp\\php8DD1.tmp","mime":"application\/pdf","postname":"Dokumen1.7.pdf"},"signature":"[{\"email\": \"123@gsp.co.id\",\"detail\": [{\"p\": 1,\"x\": 35,\"y\": 100,\"w\": 34,\"h\": 16}]}]"}
2023-04-10 14:23:13 - Response : {"status":"ERROR","ref_id":"98e56cbb-1771-4969-99d1-bf41dde6d22e","code":"USER_UNREGISTER","timestamp":"2023-04-10T14:23:11+07:00","message":["123@gsp.co.id belum terdaftar."],"data":null}
2023-04-10 14:23:51 - Request : {"document":{"name":"C:\\xampp\\tmp\\php210A.tmp","mime":"application\/pdf","postname":"Dokumen1.7.pdf"},"signature":"[{\"email\": \"123@gsp.co.id\",\"detail\": [{\"p\": 1,\"x\": 35,\"y\": 100,\"w\": 34,\"h\": 16}]}]"}
2023-04-10 14:23:51 - Response : {"status":"ERROR","ref_id":"98e56cf4-a1d3-4e93-8c3a-c14d1df7022d","code":"USER_UNREGISTER","timestamp":"2023-04-10T14:23:49+07:00","message":["123@gsp.co.id belum terdaftar."],"data":null}
