2023-04-13 09:05:41 - Request : {"document":{"name":"C:\\xampp\\tmp\\phpC322.tmp","mime":"application\/pdf","postname":"Dokumen1.7.pdf"},"signature":"[{\"email\": \"123@gsp.co.id\",\"detail\": [{\"p\": 1,\"x\": 35,\"y\": 100,\"w\": 34,\"h\": 16}]}]"}
2023-04-13 09:06:58 - Request : {"document":{"name":"C:\\xampp\\tmp\\phpF308.tmp","mime":"application\/pdf","postname":"Dokumen1.7.pdf"},"signature":"[{\"email\": \"123@gsp.co.id\",\"detail\": [{\"p\": 1,\"x\": 35,\"y\": 100,\"w\": 34,\"h\": 16}]}]"}
2023-04-13 09:07:00 - Request : {"document":{"name":"C:\\xampp\\tmp\\phpF7CC.tmp","mime":"application\/pdf","postname":"Dokumen1.7.pdf"},"signature":"[{\"email\": \"123@gsp.co.id\",\"detail\": [{\"p\": 1,\"x\": 35,\"y\": 100,\"w\": 34,\"h\": 16}]}]"}
2023-04-13 09:07:26 - Request : {"document":{"name":"C:\\xampp\\tmp\\php5F03.tmp","mime":"application\/pdf","postname":"Dokumen1.7.pdf"},"signature":"[{\"email\": \"123@gsp.co.id\",\"detail\": [{\"p\": 1,\"x\": 35,\"y\": 100,\"w\": 34,\"h\": 16}]}]"}
2023-04-13 09:07:30 - Request : {"document":{"name":"C:\\xampp\\tmp\\php6DAA.tmp","mime":"application\/pdf","postname":"Dokumen1.7.pdf"},"signature":"[{\"email\": \"123@gsp.co.id\",\"detail\": [{\"p\": 1,\"x\": 35,\"y\": 100,\"w\": 34,\"h\": 16}]}]"}
2023-04-13 09:08:51 - Request : {"document":{"name":"C:\\xampp\\tmp\\phpA986.tmp","mime":"application\/pdf","postname":"Dokumen1.7.pdf"},"signature":"[{\"email\": \"123@gsp.co.id\",\"detail\": [{\"p\": 1,\"x\": 35,\"y\": 100,\"w\": 34,\"h\": 16}]}]"}
2023-04-13 09:09:02 - Request : {"document":{"name":"C:\\xampp\\tmp\\phpD6D1.tmp","mime":"application\/pdf","postname":"Dokumen1.7.pdf"},"signature":"[{\"email\": \"123@gsp.co.id\",\"detail\": [{\"p\": 1,\"x\": 35,\"y\": 100,\"w\": 34,\"h\": 16}]}]"}
2023-04-13 09:17:28 - Request : {"document":{"name":"C:\\xampp\\tmp\\php8C3B.tmp","mime":"application\/pdf","postname":"Dokumen1.7.pdf"},"signature":"[{\"email\": \"123@gsp.co.id\",\"detail\": [{\"p\": 1,\"x\": 35,\"y\": 100,\"w\": 34,\"h\": 16}]}]"}
2023-04-13 09:37:55 - Request : {"document":{"name":"C:\\xampp\\tmp\\php4851.tmp","mime":"application\/pdf","postname":"Dokumen1.7.pdf"},"signature":"[{\"email\": \"123@gsp.co.id\",\"detail\": [{\"p\": 1,\"x\": 35,\"y\": 100,\"w\": 34,\"h\": 16}]}]"}
2023-04-13 09:40:09 - Request : {"document":{"name":"C:\\xampp\\tmp\\php545E.tmp","mime":"application\/pdf","postname":"Dokumen1.7.pdf"},"signature":"[{\"email\": \"123@gsp.co.id\",\"detail\": [{\"p\": 1,\"x\": 35,\"y\": 100,\"w\": 34,\"h\": 16}]}]"}
2023-04-13 10:13:01 - Request : {"document":{"name":"C:\\xampp\\tmp\\php6895.tmp","mime":"application\/pdf","postname":"Dokumen1.7.pdf"},"signature":"[{\"email\": \"123@gsp.co.id\",\"detail\": [{\"p\": 1,\"x\": 35,\"y\": 100,\"w\": 34,\"h\": 16}]}]"}
2023-04-13 14:01:59 - Request : {"document":{"name":"C:\\xampp\\tmp\\php839.tmp","mime":"application\/pdf","postname":"Dokumen1.7.pdf"},"signature":"[{\"email\": \"123@gsp.co.id\",\"detail\": [{\"p\": 1,\"x\": 35,\"y\": 100,\"w\": 34,\"h\": 16}]}]"}
2023-04-13 14:03:42 - Request : {"document":{"name":"C:\\xampp\\tmp\\php9DCE.tmp","mime":"application\/pdf","postname":"Dokumen1.7.pdf"},"signature":"[{\"email\": \"123@gsp.co.id\",\"detail\": [{\"p\": 1,\"x\": 35,\"y\": 100,\"w\": 34,\"h\": 16}]}]"}
2023-04-13 14:04:42 - Response : {"status":"ERROR","ref_id":"98eb6f11-ef74-4918-a3d5-1119e08c4364","code":"USER_UNREGISTER","timestamp":"2023-04-13T14:04:41+07:00","message":["123@gsp.co.id belum terdaftar."],"data":null}
2023-04-13 14:04:49 - Request : {"document":{"name":"C:\\xampp\\tmp\\phpA116.tmp","mime":"application\/pdf","postname":"Dokumen1.7.pdf"},"signature":"[{\"email\": \"123@gsp.co.id\",\"detail\": [{\"p\": 1,\"x\": 35,\"y\": 100,\"w\": 34,\"h\": 16}]}]"}
2023-04-13 14:04:59 - Response : {"status":"ERROR","ref_id":"98eb6f2e-cd33-4f4d-8a02-8cb880a57447","code":"USER_UNREGISTER","timestamp":"2023-04-13T14:05:00+07:00","message":["123@gsp.co.id belum terdaftar."],"data":null}
2023-04-13 14:05:38 - Request : {"document":{"name":"C:\\xampp\\tmp\\php62F0.tmp","mime":"application\/pdf","postname":"Dokumen1.7.pdf"},"signature":"[{\"email\": \"heru@gsp.co.id\",\"detail\": [{\"p\": 1,\"x\": 35,\"y\": 100,\"w\": 34,\"h\": 16}]}]"}
2023-04-13 14:05:42 - Response : {"status":"OK","ref_id":"98eb6f6e-fba7-4cf6-b8b1-186b9ef32778","code":null,"timestamp":"2023-04-13T14:05:42+07:00","message":null,"data":{"id":"98eb6f6f-25d1-4559-b769-b893ba0e08d0","stamp":[],"sign":[{"teken_id":"HH283D00","email":"heru@gsp.co.id","url":"https:\/\/ttd.sandbox-111094.com\/ldY2OJwt497oHpI"}]}}
2023-04-13 14:05:48 - Request : {"document":{"name":"C:\\xampp\\tmp\\php8965.tmp","mime":"application\/pdf","postname":"Dokumen1.7.pdf"},"signature":"[{\"email\": \"111@gsp.co.id\",\"detail\": [{\"p\": 1,\"x\": 35,\"y\": 100,\"w\": 34,\"h\": 16}]}]"}
2023-04-13 14:05:50 - Response : {"status":"ERROR","ref_id":"98eb6f7c-0bf8-4673-b820-e40dc02c4a8e","code":"USER_UNREGISTER","timestamp":"2023-04-13T14:05:51+07:00","message":["111@gsp.co.id belum terdaftar."],"data":null}
2023-04-13 14:06:58 - Request : {"document":{"name":"C:\\xampp\\tmp\\php9B53.tmp","mime":"application\/pdf","postname":"Dokumen1.7.pdf"},"signature":"[{\"email\": \"111@gsp.co.id\",\"detail\": [{\"p\": 1,\"x\": 35,\"y\": 100,\"w\": 34,\"h\": 16}]}]"}
2023-04-13 14:07:01 - Response : {"status":"ERROR","ref_id":"98eb6fe7-4b24-459e-a51a-18318facf30d","code":"USER_UNREGISTER","timestamp":"2023-04-13T14:07:01+07:00","message":["111@gsp.co.id belum terdaftar."],"data":null}
2023-04-13 14:08:23 - Request : {"document":{"name":"C:\\xampp\\tmp\\phpE578.tmp","mime":"application\/pdf","postname":"Dokumen1.7.pdf"},"signature":"[{\"email\": \"111@gsp.co.id\",\"detail\": [{\"p\": 1,\"x\": 35,\"y\": 100,\"w\": 34,\"h\": 16}]}]"}
2023-04-13 14:08:26 - Response : {"status":"ERROR","ref_id":"98eb706a-1f3b-40d7-909f-bd4fe196a7b6","code":"USER_UNREGISTER","timestamp":"2023-04-13T14:08:27+07:00","message":["111@gsp.co.id belum terdaftar."],"data":null}
2023-04-13 14:10:39 - Request : {"document":{"name":"C:\\xampp\\tmp\\phpF9D2.tmp","mime":"application\/pdf","postname":"Dokumen1.7.pdf"},"signature":"[{\"email\": \"111@gsp.co.id\",\"detail\": [{\"p\": 1,\"x\": 35,\"y\": 100,\"w\": 34,\"h\": 16}]}]"}
2023-04-13 14:10:46 - Response : {"status":"ERROR","ref_id":"98eb713f-4499-4d83-8220-746457386489","code":"USER_UNREGISTER","timestamp":"2023-04-13T14:10:47+07:00","message":["111@gsp.co.id belum terdaftar."],"data":null}
2023-04-13 14:15:46 - Request : {"document":{"name":"C:\\xampp\\tmp\\phpA9DB.tmp","mime":"application\/pdf","postname":"Dokumen1.7.pdf"},"signature":"[{\"email\": \"111@gsp.co.id\",\"detail\": [{\"p\": 1,\"x\": 35,\"y\": 100,\"w\": 34,\"h\": 16}]}]"}
2023-04-13 14:15:47 - Response : {"status":"ERROR","ref_id":"98eb730b-96bb-4f7e-8a34-1dcea52503e8","code":"USER_UNREGISTER","timestamp":"2023-04-13T14:15:48+07:00","message":["111@gsp.co.id belum terdaftar."],"data":null}
2023-04-13 14:17:40 - Request : {"document":{"name":"C:\\xampp\\tmp\\php65F4.tmp","mime":"application\/pdf","postname":"Dokumen1.7.pdf"},"signature":"[{\"email\": \"111@gsp.co.id\",\"detail\": [{\"p\": 1,\"x\": 35,\"y\": 100,\"w\": 34,\"h\": 16}]}]"}
2023-04-13 14:17:41 - Response : {"status":"ERROR","ref_id":"98eb73b8-9f38-4c3a-a7fa-c50d911f2959","code":"USER_UNREGISTER","timestamp":"2023-04-13T14:17:42+07:00","message":["111@gsp.co.id belum terdaftar."],"data":null}
2023-04-13 14:19:58 - Request : {"document":{"name":"C:\\xampp\\tmp\\php802A.tmp","mime":"application\/pdf","postname":"Dokumen1.7.pdf"},"signature":"[{\"email\": \"111@gsp.co.id\",\"detail\": [{\"p\": 1,\"x\": 35,\"y\": 100,\"w\": 34,\"h\": 16}]}]"}
2023-04-13 14:19:58 - Response : {"status":"ERROR","ref_id":"98eb748a-68e7-4e58-8436-61645fa87de4","code":"USER_UNREGISTER","timestamp":"2023-04-13T14:19:59+07:00","message":["111@gsp.co.id belum terdaftar."],"data":null}
2023-04-13 14:20:25 - Request : {"document":{"name":"C:\\xampp\\tmp\\phpE984.tmp","mime":"application\/pdf","postname":"Dokumen1.7.pdf"},"signature":"[{\"email\": \"111@gsp.co.id\",\"detail\": [{\"p\": 1,\"x\": 35,\"y\": 100,\"w\": 34,\"h\": 16}]}]"}
2023-04-13 14:20:25 - Response : {"status":"ERROR","ref_id":"98eb74b3-7969-468f-ad8b-dfe32171241b","code":"USER_UNREGISTER","timestamp":"2023-04-13T14:20:26+07:00","message":["111@gsp.co.id belum terdaftar."],"data":null}
2023-04-13 14:21:12 - Request : {"document":{"name":"C:\\xampp\\tmp\\phpA11D.tmp","mime":"application\/pdf","postname":"Dokumen1.7.pdf"},"signature":"[{\"email\": \"111@gsp.co.id\",\"detail\": [{\"p\": 1,\"x\": 35,\"y\": 100,\"w\": 34,\"h\": 16}]}]"}
2023-04-13 14:21:12 - Response : {"status":"ERROR","ref_id":"98eb74fb-4e60-418f-b825-dd0b3ebd73bd","code":"USER_UNREGISTER","timestamp":"2023-04-13T14:21:13+07:00","message":["111@gsp.co.id belum terdaftar."],"data":null}
2023-04-13 14:26:39 - Request : {"document":{"name":"C:\\xampp\\tmp\\php9FFE.tmp","mime":"application\/pdf","postname":"Dokumen1.7.pdf"},"signature":"[{\"email\": \"111@gsp.co.id\",\"detail\": [{\"p\": 1,\"x\": 35,\"y\": 100,\"w\": 34,\"h\": 16}]}]"}
2023-04-13 14:26:40 - Response : {"status":"ERROR","ref_id":"98eb76ef-79fa-4982-9cb3-6a1471a2ba21","code":"USER_UNREGISTER","timestamp":"2023-04-13T14:26:41+07:00","message":["111@gsp.co.id belum terdaftar."],"data":null}
2023-04-13 14:37:53 - Request : {"document":{"name":"C:\\xampp\\tmp\\phpE92D.tmp","mime":"application\/pdf","postname":"Dokumen1.7.pdf"},"signature":"[{\"email\": \"111@gsp.co.id\",\"detail\": [{\"p\": 1,\"x\": 35,\"y\": 100,\"w\": 34,\"h\": 16}]}]"}
2023-04-13 14:37:54 - Response : {"status":"ERROR","ref_id":"98eb7af3-bbe6-43d1-a44e-97fad6e22e88","code":"USER_UNREGISTER","timestamp":"2023-04-13T14:37:55+07:00","message":["111@gsp.co.id belum terdaftar."],"data":null}
2023-04-13 14:38:10 - Request : {"document":{"name":"C:\\xampp\\tmp\\php2A00.tmp","mime":"application\/pdf","postname":"Dokumen1.7.pdf"},"signature":"[{\"email\": \"111@gsp.co.id\",\"detail\": [{\"p\": 1,\"x\": 35,\"y\": 100,\"w\": 34,\"h\": 16}]}]"}
2023-04-13 14:38:11 - Response : {"status":"ERROR","ref_id":"98eb7b0c-dba5-4494-964d-838f4d85e08d","code":"USER_UNREGISTER","timestamp":"2023-04-13T14:38:11+07:00","message":["111@gsp.co.id belum terdaftar."],"data":null}
2023-04-13 15:11:34 - Request : {"document":{"name":"C:\\xampp\\tmp\\phpBF59.tmp","mime":"application\/pdf","postname":"Dokumen1.7.pdf"},"signature":"[{\"email\": \"111@gsp.co.id\",\"detail\": [{\"p\": 1,\"x\": 35,\"y\": 100,\"w\": 34,\"h\": 16}]}]"}
2023-04-13 15:11:35 - Response : {"status":"ERROR","ref_id":"98eb86ff-4568-4a9f-97b0-c0f8fef02c0e","code":"USER_UNREGISTER","timestamp":"2023-04-13T15:11:36+07:00","message":["111@gsp.co.id belum terdaftar."],"data":null}
2023-04-13 15:15:41 - Request : {"document":{"name":"C:\\xampp\\tmp\\php827D.tmp","mime":"application\/pdf","postname":"Dokumen1.7.pdf"},"signature":"[{\"email\": \"111@gsp.co.id\",\"detail\": [{\"p\": 1,\"x\": 35,\"y\": 100,\"w\": 34,\"h\": 16}]}]"}
2023-04-13 15:15:41 - Response : {"status":"ERROR","ref_id":"98eb8877-5d40-497c-bc3f-6f2ae29afb97","code":"USER_UNREGISTER","timestamp":"2023-04-13T15:15:42+07:00","message":["111@gsp.co.id belum terdaftar."],"data":null}
2023-04-13 15:15:57 - Request : {"document":{"name":"C:\\xampp\\tmp\\phpC0DF.tmp","mime":"application\/pdf","postname":"Dokumen1.7.pdf"},"signature":"[{\"email\": \"111@gsp.co.id\",\"detail\": [{\"p\": 1,\"x\": 35,\"y\": 100,\"w\": 34,\"h\": 16}]}]"}
2023-04-13 15:15:57 - Response : {"status":"ERROR","ref_id":"98eb888f-98ef-4808-8199-626248d3cbe1","code":"USER_UNREGISTER","timestamp":"2023-04-13T15:15:58+07:00","message":["111@gsp.co.id belum terdaftar."],"data":null}
2023-04-13 15:36:54 - Request : {"document":{"name":"C:\\xampp\\tmp\\phpF0DC.tmp","mime":"application\/pdf","postname":"Dokumen1.7.pdf"},"signature":"[{\"email\": \"111@gsp.co.id\",\"detail\": [{\"p\": 1,\"x\": 35,\"y\": 100,\"w\": 34,\"h\": 16}]}]"}
2023-04-13 15:36:55 - Response : {"status":"ERROR","ref_id":"98eb900f-764c-41da-b19d-129a3eb5f5c2","code":"USER_UNREGISTER","timestamp":"2023-04-13T15:36:56+07:00","message":["111@gsp.co.id belum terdaftar."],"data":null}
2023-04-13 15:37:08 - Request : {"document":{"name":"C:\\xampp\\tmp\\php2730.tmp","mime":"application\/pdf","postname":"Dokumen1.7.pdf"},"signature":"[{\"email\": \"heru@gsp.co.id\",\"detail\": [{\"p\": 1,\"x\": 35,\"y\": 100,\"w\": 34,\"h\": 16}]}]"}
2023-04-13 15:37:11 - Response : {"status":"OK","ref_id":"98eb9027-2afc-4f4d-888f-853b37dec9b5","code":null,"timestamp":"2023-04-13T15:37:12+07:00","message":null,"data":{"id":"98eb9027-66fa-439b-8763-8622405c99ca","stamp":[],"sign":[{"teken_id":"HH283D00","email":"heru@gsp.co.id","url":"https:\/\/ttd.sandbox-111094.com\/YVBhu8jxbvY3gYQh"}]}}
2023-04-13 15:46:53 - Request : {"document":{"name":"C:\\xampp\\tmp\\php1562.tmp","mime":"application\/pdf","postname":"Dokumen1.7.pdf"},"signature":"[{\"email\": \"heru@gsp.co.id\",\"detail\": [{\"p\": 1,\"x\": 35,\"y\": 100,\"w\": 34,\"h\": 16}]}]"}
2023-04-13 15:46:54 - Response : {"status":"OK","ref_id":"98eb93a0-e0df-4589-ad8b-1205cf5a7d7a","code":null,"timestamp":"2023-04-13T15:46:55+07:00","message":null,"data":{"id":"98eb93a1-1ccb-4692-823a-be994a097be7","stamp":[],"sign":[{"teken_id":"HH283D00","email":"heru@gsp.co.id","url":"https:\/\/ttd.sandbox-111094.com\/0JpPEcT6wIsgxJHx"}]}}
2023-04-13 15:53:56 - Request : {"document":{"name":"C:\\xampp\\tmp\\php8684.tmp","mime":"application\/pdf","postname":"Dokumen1.7.pdf"},"signature":"[{\"email\": \"heru@gsp.co.id\",\"detail\": [{\"p\": 1,\"x\": 35,\"y\": 100,\"w\": 34,\"h\": 16}]}]"}
2023-04-13 15:53:56 - Response : {"status":"OK","ref_id":"98eb9624-e4aa-4278-a70e-e3ebacb7a77e","code":null,"timestamp":"2023-04-13T15:53:57+07:00","message":null,"data":{"id":"98eb9625-57fc-4b66-bf13-6e5bf1c58818","stamp":[],"sign":[{"teken_id":"HH283D00","email":"heru@gsp.co.id","url":"https:\/\/ttd.sandbox-111094.com\/QlnSFX7Buw3yteG"}]}}
